<?xml version="1.0" encoding="UTF-8"?>
<!-- Generated by org.testng.reporters.JUnitReportReporter -->
<testsuite hostname="DESKTOP-2GLKO1G" failures="0" tests="1" name="testCases.LoginPage" time="34.063" errors="0" timestamp="2023-10-06T11:09:30 IST" skipped="0">
  <testcase classname="testCases.LoginPage" name="verifyLogin" time="34.063"/>
</testsuite> <!-- testCases.LoginPage -->
