<?xml version="1.0" encoding="UTF-8"?>
<!-- Generated by org.testng.reporters.JUnitReportReporter -->
<testsuite hostname="DESKTOP-2GLKO1G" failures="0" tests="1" name="testCases.A" time="0.016" errors="0" timestamp="2023-09-30T09:46:49 IST" skipped="0">
  <testcase classname="testCases.A" name="m1" time="0.016"/>
</testsuite> <!-- testCases.A -->
