<?xml version="1.0" encoding="UTF-8"?>
<!-- Generated by org.testng.reporters.JUnitReportReporter -->
<testsuite hostname="DESKTOP-2GLKO1G" failures="0" tests="1" name="testCases.C" time="0.017" errors="0" timestamp="2023-09-30T09:48:22 IST" skipped="0">
  <testcase classname="testCases.C" name="add" time="0.017"/>
</testsuite> <!-- testCases.C -->
