<?xml version="1.0" encoding="UTF-8"?>
<!-- Generated by org.testng.reporters.JUnitReportReporter -->
<testsuite hostname="DESKTOP-2GLKO1G" failures="0" tests="1" name="testCases.VerifySignUp" time="29.229" errors="0" timestamp="2023-10-07T23:45:41 IST" skipped="0">
  <testcase classname="testCases.VerifySignUp" name="signUp" time="29.229"/>
</testsuite> <!-- testCases.VerifySignUp -->
