<?xml version="1.0" encoding="UTF-8"?>
<!-- Generated by org.testng.reporters.JUnitReportReporter -->
<testsuite hostname="DESKTOP-2GLKO1G" failures="0" tests="1" name="testCases.ScreenShot2" time="32.379" errors="0" timestamp="2023-10-05T09:36:55 IST" skipped="0">
  <testcase classname="testCases.ScreenShot2" name="screenShot" time="32.379"/>
</testsuite> <!-- testCases.ScreenShot2 -->
