<?xml version="1.0" encoding="UTF-8"?>
<!-- Generated by org.testng.reporters.JUnitReportReporter -->
<testsuite hostname="DESKTOP-2GLKO1G" failures="0" tests="1" name="testCases.HandlingExcelSheet" time="35.251" errors="0" timestamp="2023-09-30T10:35:07 IST" skipped="0">
  <testcase classname="testCases.HandlingExcelSheet" name="excelHandling" time="35.251"/>
</testsuite> <!-- testCases.HandlingExcelSheet -->
