<?xml version="1.0" encoding="UTF-8"?>
<!-- Generated by org.testng.reporters.JUnitReportReporter -->
<testsuite hostname="DESKTOP-2GLKO1G" failures="0" tests="1" name="testCases.ScreenShot" time="14.411" errors="0" timestamp="2023-10-04T16:43:52 IST" skipped="0">
  <testcase classname="testCases.ScreenShot" name="capturingScreenShot" time="14.411"/>
</testsuite> <!-- testCases.ScreenShot -->
